#
# A fatal error has been detected by the Java Runtime Environment:
#
#  SIGSEGV (0xb) at pc=0x0000000110a4c594, pid=59084, tid=0x0000000000004b03
#
# JRE version: Java(TM) SE Runtime Environment (8.0_101-b13) (build 1.8.0_101-b13)
# Java VM: Java HotSpot(TM) 64-Bit Server VM (25.101-b13 mixed mode bsd-amd64 compressed oops)
# Problematic frame:
# V  [libjvm.dylib+0x44c594]  Method::checked_resolve_jmethod_id(_jmethodID*)+0xe
#
# Failed to write core dump. Core dumps have been disabled. To enable core dumping, try "ulimit -c unlimited" before starting Java again
#
# If you would like to submit a bug report, please visit:
#   http://bugreport.java.com/bugreport/crash.jsp
#

---------------  T H R E A D  ---------------

Current thread (0x00007fee38006000):  JavaThread "JDWP Transport Listener: dt_socket" daemon [_thread_in_vm, id=19203, stack(0x0000700000f47000,0x0000700001047000)]

siginfo: si_signo: 11 (SIGSEGV), si_code: 0 (unknown), si_addr: 0x0000000000000000

Registers:
RAX=0x0000000000000001, RBX=0x0000700001046a8b, RCX=0x0000000110e1f360, RDX=0x0000700001046a8b
RSP=0x00007000010469d0, RBP=0x00007000010469e0, RSI=0x00007fee38006000, RDI=0x7473617461642f74
R8 =0x0000000000000004, R9 =0x0000000000000000, R10=0x0000000000000005, R11=0x00007fee35b00000
R12=0x00007fee38006000, R13=0x7473617461642f74, R14=0x7473617461642f74, R15=0x00007fee33d04ee0
RIP=0x0000000110a4c594, EFLAGS=0x0000000000010206, ERR=0x0000000000000000
  TRAPNO=0x000000000000000d

Top of Stack: (sp=0x00007000010469d0)
0x00007000010469d0:   0000700001046a8b 0000700001046a8b
0x00007000010469e0:   0000700001046a40 00000001109580d2
0x00007000010469f0:   00007fee38006000 0000000000000000
0x0000700001046a00:   0000000000000000 0000000000000000
0x0000700001046a10:   00007fee38006000 00007fee38006000
0x0000700001046a20:   0000700001046a8b 0000700001046a90
0x0000700001046a30:   7473617461642f74 0000000000000008
0x0000700001046a40:   0000700001046a60 000000010f532780
0x0000700001046a50:   0000000000000001 0000700001046b08
0x0000700001046a60:   0000700001046ad0 000000010f5171f3
0x0000700001046a70:   0000700001046aa0 00007fee35b22cc0
0x0000700001046a80:   0000000900000032 0000000a00046b08
0x0000700001046a90:   0000000000000000 0000000000000000
0x0000700001046aa0:   0000000000000000 0000700001046c90
0x0000700001046ab0:   000000010f539e7a 00007fee33f16640
0x0000700001046ac0:   0000700001046b08 000000010f545598
0x0000700001046ad0:   0000700001046ae0 000000010f5172ec
0x0000700001046ae0:   0000700001046d00 000000010f520898
0x0000700001046af0:   00002aa100000013 00000000000f0200
0x0000700001046b00:   00007fee33f1bb40 00007fee3782e00b
0x0000700001046b10:   00007fee00000955 00007fee35b22d60
0x0000700001046b20:   000000000000012c 0000700001046b58
0x0000700001046b30:   00007fee35b239a0 0000000000000000
0x0000700001046b40:   00002aa100000030 00007fff00005c80
0x0000700001046b50:   0000700001046b58 ee7f000009000000
0x0000700001046b60:   0c000000002cb235 4e726564726f6e69
0x0000700001046b70:   4c0000007365646f 61642f74656e4c28
0x0000700001046b80:   7463757274736174 4c56412f73657275
0x0000700001046b90:   4c56412465657254 656e4c3b65646f4e
0x0000700001046ba0:   7473617461642f74 7365727574637572
0x0000700001046bb0:   736f5065646f4e2f 73694c6e6f697469
0x0000700001046bc0:   ac00000056293b74 6176616a4c3a4b3c 

Instructions: (pc=0x0000000110a4c594)
0x0000000110a4c574:   40 48 48 85 c0 75 e0 30 c0 0f b6 c0 5d c3 31 c0
0x0000000110a4c584:   5d c3 55 48 89 e5 53 48 83 ec 08 48 85 ff 74 24
0x0000000110a4c594:   48 8b 1f 48 85 db 74 1c 48 83 fb 37 74 16 48 8b
0x0000000110a4c5a4:   03 48 89 df ff 50 10 84 c0 b8 00 00 00 00 48 0f 

Register to memory mapping:

RAX=0x0000000000000001 is an unknown value
RBX=0x0000700001046a8b is pointing into the stack for thread: 0x00007fee38006000
RCX=0x0000000110e1f360: UseMembar+0 in /Library/Java/JavaVirtualMachines/jdk1.8.0_101.jdk/Contents/Home/jre/lib/server/libjvm.dylib at 0x0000000110600000
RDX=0x0000700001046a8b is pointing into the stack for thread: 0x00007fee38006000
RSP=0x00007000010469d0 is pointing into the stack for thread: 0x00007fee38006000
RBP=0x00007000010469e0 is pointing into the stack for thread: 0x00007fee38006000
RSI=0x00007fee38006000 is a thread
RDI=0x7473617461642f74 is an unknown value
R8 =0x0000000000000004 is an unknown value
R9 =0x0000000000000000 is an unknown value
R10=0x0000000000000005 is an unknown value
R11=0x00007fee35b00000 is an unknown value
R12=0x00007fee38006000 is a thread
R13=0x7473617461642f74 is an unknown value
R14=0x7473617461642f74 is an unknown value
R15=0x00007fee33d04ee0 is an unknown value


Stack: [0x0000700000f47000,0x0000700001047000],  sp=0x00007000010469d0,  free space=1022k
Native frames: (J=compiled Java code, j=interpreted, Vv=VM code, C=native code)
V  [libjvm.dylib+0x44c594]  Method::checked_resolve_jmethod_id(_jmethodID*)+0xe
V  [libjvm.dylib+0x3580d2]  jvmti_IsMethodSynthetic+0xb2
C  [libjdwp.dylib+0x20780]  isMethodSynthetic+0x63
C  [libjdwp.dylib+0x51f3]  methods1+0x10b
C  [libjdwp.dylib+0x52ec]  methodsWithGeneric+0xe
C  [libjdwp.dylib+0xe898]  debugLoop_run+0x1ce
C  [libjdwp.dylib+0x1f6ba]  attachThread+0x4d
V  [libjvm.dylib+0x399438]  JvmtiAgentThread::call_start_function()+0x38
V  [libjvm.dylib+0x5695ab]  JavaThread::thread_main_inner()+0x9b
V  [libjvm.dylib+0x56ac98]  JavaThread::run()+0x1c2
V  [libjvm.dylib+0x48933a]  java_start(Thread*)+0xf6
C  [libsystem_pthread.dylib+0x399d]  _pthread_body+0x83
C  [libsystem_pthread.dylib+0x391a]  _pthread_body+0x0
C  [libsystem_pthread.dylib+0x1351]  thread_start+0xd
C  0x0000000000000000


---------------  P R O C E S S  ---------------

Java Threads: ( => current thread )
  0x00007fee34023000 JavaThread "Service Thread" daemon [_thread_blocked, id=22787, stack(0x000070000165c000,0x000070000175c000)]
  0x00007fee3682b000 JavaThread "C1 CompilerThread3" daemon [_thread_blocked, id=22275, stack(0x0000700001559000,0x0000700001659000)]
  0x00007fee3682a800 JavaThread "C2 CompilerThread2" daemon [_thread_blocked, id=21763, stack(0x0000700001456000,0x0000700001556000)]
  0x00007fee35034800 JavaThread "C2 CompilerThread1" daemon [_thread_blocked, id=21251, stack(0x0000700001353000,0x0000700001453000)]
  0x00007fee34802000 JavaThread "C2 CompilerThread0" daemon [_thread_blocked, id=20739, stack(0x0000700001250000,0x0000700001350000)]
  0x00007fee35032800 JavaThread "JDWP Command Reader" daemon [_thread_in_native, id=20227, stack(0x000070000114d000,0x000070000124d000)]
  0x00007fee34804000 JavaThread "JDWP Event Helper Thread" daemon [_thread_blocked, id=19715, stack(0x000070000104a000,0x000070000114a000)]
=>0x00007fee38006000 JavaThread "JDWP Transport Listener: dt_socket" daemon [_thread_in_vm, id=19203, stack(0x0000700000f47000,0x0000700001047000)]
  0x00007fee35032000 JavaThread "Signal Dispatcher" daemon [_thread_blocked, id=14863, stack(0x0000700000e44000,0x0000700000f44000)]
  0x00007fee37820000 JavaThread "Finalizer" daemon [_thread_blocked, id=14339, stack(0x0000700000c3b000,0x0000700000d3b000)]
  0x00007fee35021800 JavaThread "Reference Handler" daemon [_thread_blocked, id=13827, stack(0x0000700000b38000,0x0000700000c38000)]
  0x00007fee35008000 JavaThread "main" [_thread_blocked, id=5891, stack(0x000070000011a000,0x000070000021a000)]

Other Threads:
  0x00007fee3501d000 VMThread [stack: 0x0000700000a35000,0x0000700000b35000] [id=13315]
  0x00007fee35045000 WatcherThread [stack: 0x000070000175f000,0x000070000185f000] [id=23299]

VM state:not at safepoint (normal execution)

VM Mutex/Monitor currently owned by a thread: None

Heap:
 PSYoungGen      total 76288K, used 5242K [0x000000076ab00000, 0x0000000770000000, 0x00000007c0000000)
  eden space 65536K, 8% used [0x000000076ab00000,0x000000076b01ebc0,0x000000076eb00000)
  from space 10752K, 0% used [0x000000076f580000,0x000000076f580000,0x0000000770000000)
  to   space 10752K, 0% used [0x000000076eb00000,0x000000076eb00000,0x000000076f580000)
 ParOldGen       total 175104K, used 0K [0x00000006c0000000, 0x00000006cab00000, 0x000000076ab00000)
  object space 175104K, 0% used [0x00000006c0000000,0x00000006c0000000,0x00000006cab00000)
 Metaspace       used 2876K, capacity 4664K, committed 4864K, reserved 1056768K
  class space    used 312K, capacity 424K, committed 512K, reserved 1048576K

Card table byte_map: [0x000000012095d000,0x000000012115e000] byte_map_base: 0x000000011d35d000

Marking Bits: (ParMarkBitMap*) 0x0000000110eedd20
 Begin Bits: [0x00000001216b4000, 0x00000001256b4000)
 End Bits:   [0x00000001256b4000, 0x00000001296b4000)

Polling page: 0x000000010e9e2000

CodeCache: size=245760Kb used=1255Kb max_used=1255Kb free=244504Kb
 bounds [0x000000011159d000, 0x000000011180d000, 0x000000012059d000]
 total_blobs=326 nmethods=103 adapters=145
 compilation: enabled

Compilation events (10 events):
Event: 0.151 Thread 0x00007fee3682b000   96       3       java.lang.ThreadLocal::get (38 bytes)
Event: 0.152 Thread 0x00007fee3682b000 nmethod 96 0x00000001116d5510 code [0x00000001116d56a0, 0x00000001116d5a18]
Event: 0.152 Thread 0x00007fee3682b000   97       3       java.lang.StringCoding::access$000 (6 bytes)
Event: 0.152 Thread 0x00007fee3682b000 nmethod 97 0x00000001116d3650 code [0x00000001116d37c0, 0x00000001116d3970]
Event: 0.152 Thread 0x00007fee3682b000   98       3       java.lang.StringCoding::scale (7 bytes)
Event: 0.152 Thread 0x00007fee3682b000 nmethod 98 0x00000001116d51d0 code [0x00000001116d5340, 0x00000001116d54b0]
Event: 0.195 Thread 0x00007fee3682b000  100       3       java.util.concurrent.ConcurrentHashMap::tabAt (21 bytes)
Event: 0.195 Thread 0x00007fee3682b000 nmethod 100 0x00000001116d6cd0 code [0x00000001116d6e40, 0x00000001116d7070]
Event: 0.195 Thread 0x00007fee3682b000  102       3       java.util.concurrent.ConcurrentHashMap::setTabAt (19 bytes)
Event: 0.195 Thread 0x00007fee3682b000 nmethod 102 0x00000001116d7110 code [0x00000001116d7260, 0x00000001116d73d0]

GC Heap History (0 events):
No events

Deoptimization events (1 events):
Event: 0.132 Thread 0x00007fee35008000 Uncommon trap: reason=unstable_if action=reinterpret pc=0x00000001116be74c method=java.lang.String.hashCode()I @ 14

Internal exceptions (10 events):
Event: 0.124 Thread 0x00007fee35008000 Exception <a 'java/security/PrivilegedActionException'> (0x000000076abbbf80) thrown at [/HUDSON3/workspace/8-2-build-macosx-x86_64/jdk8u101/7261/hotspot/src/share/vm/prims/jvm.cpp, line 1386]
Event: 0.125 Thread 0x00007fee35008000 Exception <a 'java/util/zip/ZipException'> (0x000000076abbcd00) thrown at [/HUDSON3/workspace/8-2-build-macosx-x86_64/jdk8u101/7261/hotspot/src/share/vm/prims/jni.cpp, line 709]
Event: 0.125 Thread 0x00007fee35008000 Exception <a 'java/security/PrivilegedActionException'> (0x000000076abbcf08) thrown at [/HUDSON3/workspace/8-2-build-macosx-x86_64/jdk8u101/7261/hotspot/src/share/vm/prims/jvm.cpp, line 1386]
Event: 0.125 Thread 0x00007fee35008000 Exception <a 'java/security/PrivilegedActionException'> (0x000000076abbd118) thrown at [/HUDSON3/workspace/8-2-build-macosx-x86_64/jdk8u101/7261/hotspot/src/share/vm/prims/jvm.cpp, line 1386]
Event: 0.125 Thread 0x00007fee35008000 Exception <a 'java/util/zip/ZipException'> (0x000000076abbde98) thrown at [/HUDSON3/workspace/8-2-build-macosx-x86_64/jdk8u101/7261/hotspot/src/share/vm/prims/jni.cpp, line 709]
Event: 0.125 Thread 0x00007fee35008000 Exception <a 'java/security/PrivilegedActionException'> (0x000000076abbe0a0) thrown at [/HUDSON3/workspace/8-2-build-macosx-x86_64/jdk8u101/7261/hotspot/src/share/vm/prims/jvm.cpp, line 1386]
Event: 0.125 Thread 0x00007fee35008000 Exception <a 'java/security/PrivilegedActionException'> (0x000000076abbe2b0) thrown at [/HUDSON3/workspace/8-2-build-macosx-x86_64/jdk8u101/7261/hotspot/src/share/vm/prims/jvm.cpp, line 1386]
Event: 0.127 Thread 0x00007fee35008000 Exception <a 'java/util/zip/ZipException'> (0x000000076abcfa58) thrown at [/HUDSON3/workspace/8-2-build-macosx-x86_64/jdk8u101/7261/hotspot/src/share/vm/prims/jni.cpp, line 709]
Event: 0.127 Thread 0x00007fee35008000 Exception <a 'java/security/PrivilegedActionException'> (0x000000076abcfc60) thrown at [/HUDSON3/workspace/8-2-build-macosx-x86_64/jdk8u101/7261/hotspot/src/share/vm/prims/jvm.cpp, line 1386]
Event: 0.127 Thread 0x00007fee35008000 Exception <a 'java/security/PrivilegedActionException'> (0x000000076abcfe70) thrown at [/HUDSON3/workspace/8-2-build-macosx-x86_64/jdk8u101/7261/hotspot/src/share/vm/prims/jvm.cpp, line 1386]

Events (10 events):
Event: 3628.443 Executing VM operation: ChangeBreakpoints
Event: 3628.443 Executing VM operation: ChangeBreakpoints done
Event: 3629.079 Executing VM operation: ChangeBreakpoints
Event: 3629.079 Executing VM operation: ChangeBreakpoints done
Event: 3637.746 Executing VM operation: ChangeBreakpoints
Event: 3637.746 Executing VM operation: ChangeBreakpoints done
Event: 3638.494 Executing VM operation: ChangeBreakpoints
Event: 3638.494 Executing VM operation: ChangeBreakpoints done
Event: 4349.540 Executing VM operation: RedefineClasses
Event: 4349.540 Executing VM operation: RedefineClasses done


Dynamic libraries:
0x00000000048ae000 	/System/Library/Frameworks/Cocoa.framework/Versions/A/Cocoa
0x000000010e9e3000 	/System/Library/Frameworks/Security.framework/Versions/A/Security
0x00000000048ae000 	/System/Library/Frameworks/ApplicationServices.framework/Versions/A/ApplicationServices
0x00000000048ae000 	/usr/lib/libz.1.dylib
0x00000000048ae000 	/usr/lib/libSystem.B.dylib
0x00000000048ae000 	/usr/lib/libobjc.A.dylib
0x00000000048ae000 	/System/Library/Frameworks/CoreFoundation.framework/Versions/A/CoreFoundation
0x00000000048ae000 	/System/Library/Frameworks/Foundation.framework/Versions/C/Foundation
0x00000000048ae000 	/System/Library/Frameworks/AppKit.framework/Versions/C/AppKit
0x00000000048ae000 	/System/Library/Frameworks/CoreData.framework/Versions/A/CoreData
0x00000000048ae000 	/System/Library/PrivateFrameworks/RemoteViewServices.framework/Versions/A/RemoteViewServices
0x00000000048ae000 	/System/Library/PrivateFrameworks/UIFoundation.framework/Versions/A/UIFoundation
0x00000000048ae000 	/usr/lib/libScreenReader.dylib
0x00000000048ae000 	/System/Library/Frameworks/Accelerate.framework/Versions/A/Accelerate
0x00000000048ae000 	/System/Library/Frameworks/IOSurface.framework/Versions/A/IOSurface
0x00000000048ae000 	/System/Library/Frameworks/AudioToolbox.framework/Versions/A/AudioToolbox
0x00000000048ae000 	/System/Library/Frameworks/AudioUnit.framework/Versions/A/AudioUnit
0x00000000048ae000 	/System/Library/PrivateFrameworks/DataDetectorsCore.framework/Versions/A/DataDetectorsCore
0x00000000048ae000 	/System/Library/PrivateFrameworks/DesktopServicesPriv.framework/Versions/A/DesktopServicesPriv
0x00000000048ae000 	/System/Library/Frameworks/Carbon.framework/Versions/A/Frameworks/HIToolbox.framework/Versions/A/HIToolbox
0x00000000048ae000 	/System/Library/Frameworks/QuartzCore.framework/Versions/A/QuartzCore
0x00000000048ae000 	/System/Library/Frameworks/Carbon.framework/Versions/A/Frameworks/SpeechRecognition.framework/Versions/A/SpeechRecognition
0x00000000048ae000 	/usr/lib/libauto.dylib
0x00000000048ae000 	/usr/lib/libicucore.A.dylib
0x00000000048ae000 	/usr/lib/libxml2.2.dylib
0x00000000048ae000 	/System/Library/PrivateFrameworks/CoreUI.framework/Versions/A/CoreUI
0x00000000048ae000 	/System/Library/Frameworks/CoreAudio.framework/Versions/A/CoreAudio
0x00000000048ae000 	/System/Library/Frameworks/DiskArbitration.framework/Versions/A/DiskArbitration
0x00000000048ae000 	/usr/lib/liblangid.dylib
0x00000000048ae000 	/System/Library/PrivateFrameworks/MultitouchSupport.framework/Versions/A/MultitouchSupport
0x00000000048ae000 	/System/Library/Frameworks/IOKit.framework/Versions/A/IOKit
0x00000000048ae000 	/usr/lib/libDiagnosticMessagesClient.dylib
0x00000000048ae000 	/System/Library/Frameworks/CoreServices.framework/Versions/A/CoreServices
0x00000000048ae000 	/System/Library/PrivateFrameworks/PerformanceAnalysis.framework/Versions/A/PerformanceAnalysis
0x00000000048ae000 	/System/Library/PrivateFrameworks/GenerationalStorage.framework/Versions/A/GenerationalStorage
0x00000000048ae000 	/System/Library/Frameworks/OpenGL.framework/Versions/A/OpenGL
0x00000000048ae000 	/System/Library/PrivateFrameworks/Sharing.framework/Versions/A/Sharing
0x00000000048ae000 	/System/Library/Frameworks/CoreGraphics.framework/Versions/A/CoreGraphics
0x00000000048ae000 	/System/Library/Frameworks/CoreImage.framework/Versions/A/CoreImage
0x00000000048ae000 	/System/Library/Frameworks/CoreText.framework/Versions/A/CoreText
0x00000000048ae000 	/System/Library/Frameworks/ImageIO.framework/Versions/A/ImageIO
0x00000000048ae000 	/System/Library/PrivateFrameworks/Backup.framework/Versions/A/Backup
0x00000000048ae000 	/usr/lib/libextension.dylib
0x00000000048ae000 	/usr/lib/libarchive.2.dylib
0x000000010edfd000 	/System/Library/Frameworks/CFNetwork.framework/Versions/A/CFNetwork
0x00000000048ae000 	/System/Library/Frameworks/SystemConfiguration.framework/Versions/A/SystemConfiguration
0x00000000048ae000 	/usr/lib/libCRFSuite.dylib
0x00000000048ae000 	/usr/lib/libc++.1.dylib
0x00000000048ae000 	/usr/lib/libc++abi.dylib
0x00000000048ae000 	/usr/lib/system/libcache.dylib
0x00000000048ae000 	/usr/lib/system/libcommonCrypto.dylib
0x00000000048ae000 	/usr/lib/system/libcompiler_rt.dylib
0x00000000048ae000 	/usr/lib/system/libcopyfile.dylib
0x00000000048ae000 	/usr/lib/system/libcorecrypto.dylib
0x00000000048ae000 	/usr/lib/system/libdispatch.dylib
0x00000000048ae000 	/usr/lib/system/libdyld.dylib
0x00000000048ae000 	/usr/lib/system/libkeymgr.dylib
0x00000000048ae000 	/usr/lib/system/liblaunch.dylib
0x00000000048ae000 	/usr/lib/system/libmacho.dylib
0x00000000048ae000 	/usr/lib/system/libquarantine.dylib
0x00000000048ae000 	/usr/lib/system/libremovefile.dylib
0x00000000048ae000 	/usr/lib/system/libsystem_asl.dylib
0x00000000048ae000 	/usr/lib/system/libsystem_blocks.dylib
0x00000000048ae000 	/usr/lib/system/libsystem_c.dylib
0x00000000048ae000 	/usr/lib/system/libsystem_configuration.dylib
0x00000000048ae000 	/usr/lib/system/libsystem_coreservices.dylib
0x00000000048ae000 	/usr/lib/system/libsystem_coretls.dylib
0x00000000048ae000 	/usr/lib/system/libsystem_dnssd.dylib
0x00000000048ae000 	/usr/lib/system/libsystem_info.dylib
0x00000000048ae000 	/usr/lib/system/libsystem_kernel.dylib
0x00000000048ae000 	/usr/lib/system/libsystem_m.dylib
0x00000000048ae000 	/usr/lib/system/libsystem_malloc.dylib
0x00000000048ae000 	/usr/lib/system/libsystem_network.dylib
0x00000000048ae000 	/usr/lib/system/libsystem_networkextension.dylib
0x00000000048ae000 	/usr/lib/system/libsystem_notify.dylib
0x00000000048ae000 	/usr/lib/system/libsystem_platform.dylib
0x00000000048ae000 	/usr/lib/system/libsystem_pthread.dylib
0x00000000048ae000 	/usr/lib/system/libsystem_sandbox.dylib
0x00000000048ae000 	/usr/lib/system/libsystem_secinit.dylib
0x00000000048ae000 	/usr/lib/system/libsystem_trace.dylib
0x00000000048ae000 	/usr/lib/system/libunc.dylib
0x00000000048ae000 	/usr/lib/system/libunwind.dylib
0x00000000048ae000 	/usr/lib/system/libxpc.dylib
0x00000000048ae000 	/usr/lib/libenergytrace.dylib
0x00000000048ae000 	/usr/lib/libbsm.0.dylib
0x00000000048ae000 	/usr/lib/system/libkxld.dylib
0x00000000048ae000 	/usr/lib/libxar.1.dylib
0x00000000048ae000 	/usr/lib/libsqlite3.dylib
0x00000000048ae000 	/usr/lib/libpam.2.dylib
0x00000000048ae000 	/usr/lib/libOpenScriptingUtil.dylib
0x00000000048ae000 	/usr/lib/libbz2.1.0.dylib
0x00000000048ae000 	/usr/lib/liblzma.5.dylib
0x00000000048ae000 	/System/Library/Frameworks/CoreServices.framework/Versions/A/Frameworks/FSEvents.framework/Versions/A/FSEvents
0x00000000048ae000 	/System/Library/Frameworks/CoreServices.framework/Versions/A/Frameworks/CarbonCore.framework/Versions/A/CarbonCore
0x00000000048ae000 	/System/Library/Frameworks/CoreServices.framework/Versions/A/Frameworks/Metadata.framework/Versions/A/Metadata
0x00000000048ae000 	/System/Library/Frameworks/CoreServices.framework/Versions/A/Frameworks/OSServices.framework/Versions/A/OSServices
0x00000000048ae000 	/System/Library/Frameworks/CoreServices.framework/Versions/A/Frameworks/SearchKit.framework/Versions/A/SearchKit
0x00000000048ae000 	/System/Library/Frameworks/CoreServices.framework/Versions/A/Frameworks/AE.framework/Versions/A/AE
0x00000000048ae000 	/System/Library/Frameworks/CoreServices.framework/Versions/A/Frameworks/LaunchServices.framework/Versions/A/LaunchServices
0x00000000048ae000 	/System/Library/Frameworks/CoreServices.framework/Versions/A/Frameworks/DictionaryServices.framework/Versions/A/DictionaryServices
0x00000000048ae000 	/System/Library/Frameworks/CoreServices.framework/Versions/A/Frameworks/SharedFileList.framework/Versions/A/SharedFileList
0x00000000048ae000 	/System/Library/Frameworks/NetFS.framework/Versions/A/NetFS
0x00000000048ae000 	/System/Library/PrivateFrameworks/NetAuth.framework/Versions/A/NetAuth
0x00000000048ae000 	/System/Library/PrivateFrameworks/login.framework/Versions/A/Frameworks/loginsupport.framework/Versions/A/loginsupport
0x00000000048ae000 	/System/Library/PrivateFrameworks/TCC.framework/Versions/A/TCC
0x00000000048ae000 	/usr/lib/libmecabra.dylib
0x00000000048ae000 	/System/Library/Frameworks/ApplicationServices.framework/Versions/A/Frameworks/ATS.framework/Versions/A/ATS
0x00000000048ae000 	/System/Library/Frameworks/ApplicationServices.framework/Versions/A/Frameworks/ColorSync.framework/Versions/A/ColorSync
0x00000000048ae000 	/System/Library/Frameworks/ApplicationServices.framework/Versions/A/Frameworks/HIServices.framework/Versions/A/HIServices
0x00000000048ae000 	/System/Library/Frameworks/ApplicationServices.framework/Versions/A/Frameworks/LangAnalysis.framework/Versions/A/LangAnalysis
0x00000000048ae000 	/System/Library/Frameworks/ApplicationServices.framework/Versions/A/Frameworks/PrintCore.framework/Versions/A/PrintCore
0x00000000048ae000 	/System/Library/Frameworks/ApplicationServices.framework/Versions/A/Frameworks/QD.framework/Versions/A/QD
0x00000000048ae000 	/System/Library/Frameworks/ApplicationServices.framework/Versions/A/Frameworks/SpeechSynthesis.framework/Versions/A/SpeechSynthesis
0x00000000048ae000 	/System/Library/Frameworks/Metal.framework/Versions/A/Metal
0x00000000048ae000 	/System/Library/Frameworks/Accelerate.framework/Versions/A/Frameworks/vImage.framework/Versions/A/vImage
0x00000000048ae000 	/System/Library/Frameworks/Accelerate.framework/Versions/A/Frameworks/vecLib.framework/Versions/A/vecLib
0x00000000048ae000 	/System/Library/Frameworks/Accelerate.framework/Versions/A/Frameworks/vecLib.framework/Versions/A/libvDSP.dylib
0x00000000048ae000 	/System/Library/Frameworks/Accelerate.framework/Versions/A/Frameworks/vecLib.framework/Versions/A/libvMisc.dylib
0x00000000048ae000 	/System/Library/Frameworks/Accelerate.framework/Versions/A/Frameworks/vecLib.framework/Versions/A/libLAPACK.dylib
0x00000000048ae000 	/System/Library/Frameworks/Accelerate.framework/Versions/A/Frameworks/vecLib.framework/Versions/A/libBLAS.dylib
0x00000000048ae000 	/System/Library/Frameworks/Accelerate.framework/Versions/A/Frameworks/vecLib.framework/Versions/A/libLinearAlgebra.dylib
0x00000000048ae000 	/System/Library/Frameworks/Accelerate.framework/Versions/A/Frameworks/vecLib.framework/Versions/A/libSparseBLAS.dylib
0x00000000048ae000 	/System/Library/PrivateFrameworks/GPUCompiler.framework/libmetal_timestamp.dylib
0x00000000048ae000 	/System/Library/Frameworks/OpenGL.framework/Versions/A/Libraries/libCoreFSCache.dylib
0x00000000048ae000 	/System/Library/PrivateFrameworks/IOAccelerator.framework/Versions/A/IOAccelerator
0x00000000048ae000 	/System/Library/Frameworks/ApplicationServices.framework/Versions/A/Frameworks/ATS.framework/Versions/A/Resources/libFontParser.dylib
0x00000000048ae000 	/System/Library/Frameworks/ApplicationServices.framework/Versions/A/Frameworks/ATS.framework/Versions/A/Resources/libFontRegistry.dylib
0x00000000048ae000 	/System/Library/PrivateFrameworks/AppleVPA.framework/Versions/A/AppleVPA
0x00000000048ae000 	/System/Library/PrivateFrameworks/AppleJPEG.framework/Versions/A/AppleJPEG
0x00000000048ae000 	/System/Library/Frameworks/ImageIO.framework/Versions/A/Resources/libJPEG.dylib
0x00000000048ae000 	/System/Library/Frameworks/ImageIO.framework/Versions/A/Resources/libTIFF.dylib
0x00000000048ae000 	/System/Library/Frameworks/ImageIO.framework/Versions/A/Resources/libPng.dylib
0x00000000048ae000 	/System/Library/Frameworks/ImageIO.framework/Versions/A/Resources/libGIF.dylib
0x00000000048ae000 	/System/Library/Frameworks/ImageIO.framework/Versions/A/Resources/libJP2.dylib
0x00000000048ae000 	/System/Library/Frameworks/ImageIO.framework/Versions/A/Resources/libRadiance.dylib
0x00000000048ae000 	/System/Library/Frameworks/CoreVideo.framework/Versions/A/CoreVideo
0x00000000048ae000 	/System/Library/Frameworks/OpenGL.framework/Versions/A/Libraries/libGLU.dylib
0x00000000048ae000 	/System/Library/Frameworks/OpenGL.framework/Versions/A/Libraries/libGFXShared.dylib
0x00000000048ae000 	/System/Library/Frameworks/OpenGL.framework/Versions/A/Libraries/libGL.dylib
0x00000000048ae000 	/System/Library/Frameworks/OpenGL.framework/Versions/A/Libraries/libGLImage.dylib
0x00000000048ae000 	/System/Library/Frameworks/OpenGL.framework/Versions/A/Libraries/libCVMSPluginSupport.dylib
0x00000000048ae000 	/System/Library/Frameworks/OpenGL.framework/Versions/A/Libraries/libCoreVMClient.dylib
0x00000000048ae000 	/usr/lib/libcompression.dylib
0x00000000048ae000 	/usr/lib/libcups.2.dylib
0x00000000048ae000 	/System/Library/Frameworks/Kerberos.framework/Versions/A/Kerberos
0x00000000048ae000 	/System/Library/Frameworks/GSS.framework/Versions/A/GSS
0x00000000048ae000 	/usr/lib/libresolv.9.dylib
0x00000000048ae000 	/usr/lib/libiconv.2.dylib
0x00000000048ae000 	/System/Library/PrivateFrameworks/Heimdal.framework/Versions/A/Heimdal
0x00000000048ae000 	/usr/lib/libheimdal-asn1.dylib
0x00000000048ae000 	/System/Library/Frameworks/OpenDirectory.framework/Versions/A/OpenDirectory
0x00000000048ae000 	/System/Library/PrivateFrameworks/CommonAuth.framework/Versions/A/CommonAuth
0x00000000048ae000 	/System/Library/Frameworks/OpenDirectory.framework/Versions/A/Frameworks/CFOpenDirectory.framework/Versions/A/CFOpenDirectory
0x00000000048ae000 	/System/Library/Frameworks/SecurityFoundation.framework/Versions/A/SecurityFoundation
0x00000000048ae000 	/System/Library/PrivateFrameworks/LanguageModeling.framework/Versions/A/LanguageModeling
0x00000000048ae000 	/usr/lib/libmarisa.dylib
0x00000000048ae000 	/usr/lib/libChineseTokenizer.dylib
0x00000000048ae000 	/usr/lib/libcmph.dylib
0x00000000048ae000 	/System/Library/Frameworks/ServiceManagement.framework/Versions/A/ServiceManagement
0x00000000048ae000 	/usr/lib/libxslt.1.dylib
0x00000000048ae000 	/System/Library/Frameworks/Carbon.framework/Versions/A/Frameworks/Ink.framework/Versions/A/Ink
0x00000000048ae000 	/usr/lib/libFosl_dynamic.dylib
0x00000000048ae000 	/System/Library/PrivateFrameworks/FaceCore.framework/Versions/A/FaceCore
0x00000000048ae000 	/System/Library/Frameworks/OpenCL.framework/Versions/A/OpenCL
0x00000000048ae000 	/System/Library/PrivateFrameworks/CrashReporterSupport.framework/Versions/A/CrashReporterSupport
0x00000000048ae000 	/System/Library/PrivateFrameworks/IconServices.framework/Versions/A/IconServices
0x00000000048ae000 	/System/Library/PrivateFrameworks/Apple80211.framework/Versions/A/Apple80211
0x00000000048ae000 	/System/Library/Frameworks/CoreWLAN.framework/Versions/A/CoreWLAN
0x00000000048ae000 	/System/Library/Frameworks/IOBluetooth.framework/Versions/A/IOBluetooth
0x00000000048ae000 	/System/Library/PrivateFrameworks/CoreWiFi.framework/Versions/A/CoreWiFi
0x00000000048ae000 	/System/Library/Frameworks/CoreBluetooth.framework/Versions/A/CoreBluetooth
0x00000000048ae000 	/System/Library/PrivateFrameworks/ChunkingLibrary.framework/Versions/A/ChunkingLibrary
0x00000000048ae000 	/System/Library/PrivateFrameworks/DebugSymbols.framework/Versions/A/DebugSymbols
0x00000000048ae000 	/System/Library/PrivateFrameworks/CoreSymbolication.framework/Versions/A/CoreSymbolication
0x00000000048ae000 	/System/Library/PrivateFrameworks/Symbolication.framework/Versions/A/Symbolication
0x00000000048ae000 	/System/Library/PrivateFrameworks/SpeechRecognitionCore.framework/Versions/A/SpeechRecognitionCore
0x0000000110600000 	/Library/Java/JavaVirtualMachines/jdk1.8.0_101.jdk/Contents/Home/jre/lib/server/libjvm.dylib
0x00000000048ae000 	/usr/lib/libstdc++.6.dylib
0x000000010f4cf000 	/Library/Java/JavaVirtualMachines/jdk1.8.0_101.jdk/Contents/Home/jre/lib/libverify.dylib
0x000000010f4dd000 	/Library/Java/JavaVirtualMachines/jdk1.8.0_101.jdk/Contents/Home/jre/lib/libjava.dylib
0x000000010f512000 	/Library/Java/JavaVirtualMachines/jdk1.8.0_101.jdk/Contents/Home/jre/lib/libjdwp.dylib
0x000000010f55d000 	/Library/Java/JavaVirtualMachines/jdk1.8.0_101.jdk/Contents/Home/jre/lib/libnpt.dylib
0x000000010f56a000 	/Library/Java/JavaVirtualMachines/jdk1.8.0_101.jdk/Contents/Home/jre/lib/libzip.dylib
0x000000012c5db000 	/System/Library/Frameworks/JavaVM.framework/Frameworks/JavaRuntimeSupport.framework/JavaRuntimeSupport
0x000000012c5f6000 	/System/Library/Frameworks/JavaVM.framework/Versions/A/Frameworks/JavaNativeFoundation.framework/Versions/A/JavaNativeFoundation
0x000000010f5ec000 	/System/Library/Frameworks/JavaVM.framework/Versions/A/JavaVM
0x00000000048ae000 	/System/Library/Frameworks/Carbon.framework/Versions/A/Carbon
0x000000012c60b000 	/System/Library/PrivateFrameworks/JavaLaunching.framework/Versions/A/JavaLaunching
0x00000000048ae000 	/System/Library/Frameworks/Carbon.framework/Versions/A/Frameworks/CommonPanels.framework/Versions/A/CommonPanels
0x00000000048ae000 	/System/Library/Frameworks/Carbon.framework/Versions/A/Frameworks/Help.framework/Versions/A/Help
0x00000000048ae000 	/System/Library/Frameworks/Carbon.framework/Versions/A/Frameworks/ImageCapture.framework/Versions/A/ImageCapture
0x00000000048ae000 	/System/Library/Frameworks/Carbon.framework/Versions/A/Frameworks/OpenScripting.framework/Versions/A/OpenScripting
0x00000000048ae000 	/System/Library/Frameworks/Carbon.framework/Versions/A/Frameworks/Print.framework/Versions/A/Print
0x00000000048ae000 	/System/Library/Frameworks/Carbon.framework/Versions/A/Frameworks/SecurityHI.framework/Versions/A/SecurityHI
0x000000012df2a000 	/Library/Java/JavaVirtualMachines/jdk1.8.0_101.jdk/Contents/Home/jre/lib/libdt_socket.dylib

VM Arguments:
jvm_args: -agentlib:jdwp=transport=dt_socket,address=127.0.0.1:61887,suspend=y,server=n -Dfile.encoding=UTF-8 
java_command: Main
java_class_path (initial): /Library/Java/JavaVirtualMachines/jdk1.8.0_101.jdk/Contents/Home/jre/lib/charsets.jar:/Library/Java/JavaVirtualMachines/jdk1.8.0_101.jdk/Contents/Home/jre/lib/deploy.jar:/Library/Java/JavaVirtualMachines/jdk1.8.0_101.jdk/Contents/Home/jre/lib/ext/cldrdata.jar:/Library/Java/JavaVirtualMachines/jdk1.8.0_101.jdk/Contents/Home/jre/lib/ext/dnsns.jar:/Library/Java/JavaVirtualMachines/jdk1.8.0_101.jdk/Contents/Home/jre/lib/ext/jaccess.jar:/Library/Java/JavaVirtualMachines/jdk1.8.0_101.jdk/Contents/Home/jre/lib/ext/jfxrt.jar:/Library/Java/JavaVirtualMachines/jdk1.8.0_101.jdk/Contents/Home/jre/lib/ext/localedata.jar:/Library/Java/JavaVirtualMachines/jdk1.8.0_101.jdk/Contents/Home/jre/lib/ext/nashorn.jar:/Library/Java/JavaVirtualMachines/jdk1.8.0_101.jdk/Contents/Home/jre/lib/ext/sunec.jar:/Library/Java/JavaVirtualMachines/jdk1.8.0_101.jdk/Contents/Home/jre/lib/ext/sunjce_provider.jar:/Library/Java/JavaVirtualMachines/jdk1.8.0_101.jdk/Contents/Home/jre/lib/ext/sunpkcs11.jar:/Library/Java/JavaVirtualMachines/jdk1.8.0_101.jdk/Contents/Home/jre/lib/ext/zipfs.jar:/Library/Java/JavaVirtualMachines/jdk1.8.0_101.jdk/Contents/Home/jre/lib/javaws.jar:/Library/Java/JavaVirtualMachines/jdk1.8.0_101.jdk/Contents/Home/jre/lib/jce.jar:/Library/Java/JavaVirtualMachines/jdk1.8.0_101.jdk/Contents/Home/jre/lib/jfr.jar:/Library/Java/JavaVirtualMachines/jdk1.8.0_101.jdk/Contents/Home/jre/lib/jfxswt.jar:/Library/Java/JavaVirtualMachines/jdk1.8.0_101.jdk/Contents/Home/jre/lib/jsse.jar:/Library/Java/JavaVirtualMachines/jdk1.8.0_101.jdk/Contents/Home/jre/lib/management-agent.jar:/Library/Java/JavaVirtualMachines/jdk1.8.0_101.jdk/Contents/Home/jre/lib/plugin.jar:/Library/Java/JavaVirtualMachines/jdk1.8.0_101.jdk/Contents/Home/jre/lib/resources.jar:/Library/Java/JavaVirtualMachines/jdk1.8.0_101.jdk/Contents/Home/jre/lib/rt.jar:/Library/Java/JavaVirtualMachines/jdk1.8.0_101.jdk/Contents/Home/lib/ant-javafx.jar:/Library/Java/JavaVirtualMachines/jdk1.8.0_101.jdk/Contents/Home
Launcher Type: SUN_STANDARD

Environment Variables:
PATH=/usr/local/bin:/usr/bin:/bin:/usr/sbin:/sbin
SHELL=/bin/zsh

Signal Handlers:
SIGSEGV: [libjvm.dylib+0x5af145], sa_mask[0]=11111111011111110111111111111111, sa_flags=SA_ONSTACK|SA_RESTART|SA_SIGINFO
SIGBUS: [libjvm.dylib+0x5af145], sa_mask[0]=11111111011111110111111111111111, sa_flags=SA_RESTART|SA_SIGINFO
SIGFPE: [libjvm.dylib+0x48694c], sa_mask[0]=11111111011111110111111111111111, sa_flags=SA_RESTART|SA_SIGINFO
SIGPIPE: [libjvm.dylib+0x48694c], sa_mask[0]=11111111011111110111111111111111, sa_flags=SA_RESTART|SA_SIGINFO
SIGXFSZ: [libjvm.dylib+0x48694c], sa_mask[0]=11111111011111110111111111111111, sa_flags=SA_RESTART|SA_SIGINFO
SIGILL: [libjvm.dylib+0x48694c], sa_mask[0]=11111111011111110111111111111111, sa_flags=SA_RESTART|SA_SIGINFO
SIGUSR1: SIG_DFL, sa_mask[0]=00000000000000000000000000000000, sa_flags=none
SIGUSR2: [libjvm.dylib+0x48646a], sa_mask[0]=00100000000000000000000000000000, sa_flags=SA_RESTART|SA_SIGINFO
SIGHUP: [libjvm.dylib+0x484a41], sa_mask[0]=11111111011111110111111111111111, sa_flags=SA_RESTART|SA_SIGINFO
SIGINT: [libjvm.dylib+0x484a41], sa_mask[0]=11111111011111110111111111111111, sa_flags=SA_RESTART|SA_SIGINFO
SIGTERM: [libjvm.dylib+0x484a41], sa_mask[0]=11111111011111110111111111111111, sa_flags=SA_RESTART|SA_SIGINFO
SIGQUIT: [libjvm.dylib+0x484a41], sa_mask[0]=11111111011111110111111111111111, sa_flags=SA_RESTART|SA_SIGINFO


---------------  S Y S T E M  ---------------

OS:Bsduname:Darwin 15.6.0 Darwin Kernel Version 15.6.0: Mon Aug 29 20:21:34 PDT 2016; root:xnu-3248.60.11~1/RELEASE_X86_64 x86_64
rlimit: STACK 8192k, CORE 0k, NPROC 709, NOFILE 10240, AS infinity
load average:3.09 3.08 3.08

CPU:total 8 (4 cores per cpu, 2 threads per core) family 6 model 70 stepping 1, cmov, cx8, fxsr, mmx, sse, sse2, sse3, ssse3, sse4.1, sse4.2, popcnt, avx, avx2, aes, clmul, erms, lzcnt, ht, tsc, tscinvbit, bmi1, bmi2

Memory: 4k page, physical 16777216k(779416k free)

/proc/meminfo:


vm_info: Java HotSpot(TM) 64-Bit Server VM (25.101-b13) for bsd-amd64 JRE (1.8.0_101-b13), built on Jun 22 2016 02:42:15 by "java_re" with gcc 4.2.1 (Based on Apple Inc. build 5658) (LLVM build 2336.11.00)

time: Sat Sep 17 21:30:23 2016
elapsed time: 4349 seconds (0d 1h 12m 29s)

