#
# A fatal error has been detected by the Java Runtime Environment:
#
#  SIGBUS (0xa) at pc=0x000000010824c5a2, pid=59265, tid=0x0000000000004a03
#
# JRE version: Java(TM) SE Runtime Environment (8.0_101-b13) (build 1.8.0_101-b13)
# Java VM: Java HotSpot(TM) 64-Bit Server VM (25.101-b13 mixed mode bsd-amd64 compressed oops)
# Problematic frame:
# V  [libjvm.dylib+0x44c5a2]  Method::checked_resolve_jmethod_id(_jmethodID*)+0x1c
#
# Failed to write core dump. Core dumps have been disabled. To enable core dumping, try "ulimit -c unlimited" before starting Java again
#
# If you would like to submit a bug report, please visit:
#   http://bugreport.java.com/bugreport/crash.jsp
#

---------------  T H R E A D  ---------------

Current thread (0x00007fc9e4036000):  JavaThread "JDWP Transport Listener: dt_socket" daemon [_thread_in_vm, id=18947, stack(0x0000700000ec4000,0x0000700000fc4000)]

siginfo: si_signo: 10 (SIGBUS), si_code: 2 (BUS_ADRERR), si_addr: 0x0000000700000002

Registers:
RAX=0x0000000000000001, RBX=0x0000000700000002, RCX=0x000000010861f360, RDX=0x0000700000fc3a8b
RSP=0x0000700000fc39d0, RBP=0x0000700000fc39e0, RSI=0x00007fc9e4036000, RDI=0x00007fc9e6a00d30
R8 =0x0000000000000005, R9 =0x0000000000000000, R10=0x0000000000000006, R11=0x00007fc9e3c00000
R12=0x00007fc9e4036000, R13=0x00007fc9e6a00d30, R14=0x00007fc9e6a00d30, R15=0x00007fc9e6901570
RIP=0x000000010824c5a2, EFLAGS=0x0000000000010212, ERR=0x0000000000000004
  TRAPNO=0x000000000000000e

Top of Stack: (sp=0x0000700000fc39d0)
0x0000700000fc39d0:   0000700000fc3a8b 0000700000fc3a8b
0x0000700000fc39e0:   0000700000fc3a40 00000001081580d2
0x0000700000fc39f0:   00007fc9e4036000 0000000000000000
0x0000700000fc3a00:   0000000000000000 0000000000000000
0x0000700000fc3a10:   00007fc9e4036000 00007fc9e4036000
0x0000700000fc3a20:   0000700000fc3a8b 0000700000fc3a90
0x0000700000fc3a30:   00007fc9e6a00d30 0000000000000008
0x0000700000fc3a40:   0000700000fc3a60 0000000108dbd780
0x0000700000fc3a50:   0000000000000001 0000700000fc3b08
0x0000700000fc3a60:   0000700000fc3ad0 0000000108da21f3
0x0000700000fc3a70:   0000700000fc3aa0 00007fc9e3c14240
0x0000700000fc3a80:   0000000900000032 0000000a00fc3b08
0x0000700000fc3a90:   0000000000000000 0000000000000000
0x0000700000fc3aa0:   0000000000000000 0000700000fc3c90
0x0000700000fc3ab0:   0000000108dc4e7a 00007fc9e3e185a0
0x0000700000fc3ac0:   0000700000fc3b08 0000000108dd0598
0x0000700000fc3ad0:   0000700000fc3ae0 0000000108da22ec
0x0000700000fc3ae0:   0000700000fc3d00 0000000108dab898
0x0000700000fc3af0:   00002aa900000013 00000000000f0200
0x0000700000fc3b00:   00007fc9e3e09fc0 00007fc9e502c60b
0x0000700000fc3b10:   00007fc900000955 00007fc9e3c190b0
0x0000700000fc3b20:   000000000000012c 0000700000fc3b58
0x0000700000fc3b30:   00007fc9e3c19090 0000000000000000
0x0000700000fc3b40:   00002aa900000030 00007fff00005c80
0x0000700000fc3b50:   0000700000fc3b58 c97f000009000000
0x0000700000fc3b60:   0c00000000c391e6 4e726564726f6e69
0x0000700000fc3b70:   4c0000007365646f 61642f74656e4c28
0x0000700000fc3b80:   7463757274736174 4c56412f73657275
0x0000700000fc3b90:   4c56412465657254 656e4c3b65646f4e
0x0000700000fc3ba0:   7473617461642f74 7365727574637572
0x0000700000fc3bb0:   736f5065646f4e2f 73694c6e6f697469
0x0000700000fc3bc0:   ac00000056293b74 6176616a4c3a4b3c 

Instructions: (pc=0x000000010824c5a2)
0x000000010824c582:   31 c0 5d c3 55 48 89 e5 53 48 83 ec 08 48 85 ff
0x000000010824c592:   74 24 48 8b 1f 48 85 db 74 1c 48 83 fb 37 74 16
0x000000010824c5a2:   48 8b 03 48 89 df ff 50 10 84 c0 b8 00 00 00 00
0x000000010824c5b2:   48 0f 45 c3 eb 02 31 c0 48 83 c4 08 5b 5d c3 90 

Register to memory mapping:

RAX=0x0000000000000001 is an unknown value
RBX=0x0000000700000002 is an unallocated location in the heap
RCX=0x000000010861f360: UseMembar+0 in /Library/Java/JavaVirtualMachines/jdk1.8.0_101.jdk/Contents/Home/jre/lib/server/libjvm.dylib at 0x0000000107e00000
RDX=0x0000700000fc3a8b is pointing into the stack for thread: 0x00007fc9e4036000
RSP=0x0000700000fc39d0 is pointing into the stack for thread: 0x00007fc9e4036000
RBP=0x0000700000fc39e0 is pointing into the stack for thread: 0x00007fc9e4036000
RSI=0x00007fc9e4036000 is a thread
RDI=0x00007fc9e6a00d30 is an unknown value
R8 =0x0000000000000005 is an unknown value
R9 =0x0000000000000000 is an unknown value
R10=0x0000000000000006 is an unknown value
R11=0x00007fc9e3c00000 is an unknown value
R12=0x00007fc9e4036000 is a thread
R13=0x00007fc9e6a00d30 is an unknown value
R14=0x00007fc9e6a00d30 is an unknown value
R15=0x00007fc9e6901570 is an unknown value


Stack: [0x0000700000ec4000,0x0000700000fc4000],  sp=0x0000700000fc39d0,  free space=1022k
Native frames: (J=compiled Java code, j=interpreted, Vv=VM code, C=native code)
V  [libjvm.dylib+0x44c5a2]  Method::checked_resolve_jmethod_id(_jmethodID*)+0x1c
V  [libjvm.dylib+0x3580d2]  jvmti_IsMethodSynthetic+0xb2
C  [libjdwp.dylib+0x20780]  isMethodSynthetic+0x63
C  [libjdwp.dylib+0x51f3]  methods1+0x10b
C  [libjdwp.dylib+0x52ec]  methodsWithGeneric+0xe
C  [libjdwp.dylib+0xe898]  debugLoop_run+0x1ce
C  [libjdwp.dylib+0x1f6ba]  attachThread+0x4d
V  [libjvm.dylib+0x399438]  JvmtiAgentThread::call_start_function()+0x38
V  [libjvm.dylib+0x5695ab]  JavaThread::thread_main_inner()+0x9b
V  [libjvm.dylib+0x56ac98]  JavaThread::run()+0x1c2
V  [libjvm.dylib+0x48933a]  java_start(Thread*)+0xf6
C  [libsystem_pthread.dylib+0x399d]  _pthread_body+0x83
C  [libsystem_pthread.dylib+0x391a]  _pthread_body+0x0
C  [libsystem_pthread.dylib+0x1351]  thread_start+0xd
C  0x0000000000000000


---------------  P R O C E S S  ---------------

Java Threads: ( => current thread )
  0x00007fc9e4035000 JavaThread "Service Thread" daemon [_thread_blocked, id=22531, stack(0x00007000015d9000,0x00007000016d9000)]
  0x00007fc9e580f000 JavaThread "C1 CompilerThread3" daemon [_thread_blocked, id=22019, stack(0x00007000014d6000,0x00007000015d6000)]
  0x00007fc9e7003000 JavaThread "C2 CompilerThread2" daemon [_thread_blocked, id=21507, stack(0x00007000013d3000,0x00007000014d3000)]
  0x00007fc9e600d000 JavaThread "C2 CompilerThread1" daemon [_thread_blocked, id=20995, stack(0x00007000012d0000,0x00007000013d0000)]
  0x00007fc9e502c000 JavaThread "C2 CompilerThread0" daemon [_thread_blocked, id=20483, stack(0x00007000011cd000,0x00007000012cd000)]
  0x00007fc9e480d800 JavaThread "JDWP Command Reader" daemon [_thread_in_native, id=19971, stack(0x00007000010ca000,0x00007000011ca000)]
  0x00007fc9e4037000 JavaThread "JDWP Event Helper Thread" daemon [_thread_blocked, id=19459, stack(0x0000700000fc7000,0x00007000010c7000)]
=>0x00007fc9e4036000 JavaThread "JDWP Transport Listener: dt_socket" daemon [_thread_in_vm, id=18947, stack(0x0000700000ec4000,0x0000700000fc4000)]
  0x00007fc9e7817000 JavaThread "Signal Dispatcher" daemon [_thread_blocked, id=15887, stack(0x0000700000dc1000,0x0000700000ec1000)]
  0x00007fc9e5027000 JavaThread "Finalizer" daemon [_thread_blocked, id=14339, stack(0x0000700000c3b000,0x0000700000d3b000)]
  0x00007fc9e5802800 JavaThread "Reference Handler" daemon [_thread_blocked, id=13827, stack(0x0000700000b38000,0x0000700000c38000)]
  0x00007fc9e4803800 JavaThread "main" [_thread_blocked, id=5891, stack(0x000070000011a000,0x000070000021a000)]

Other Threads:
  0x00007fc9e5020800 VMThread [stack: 0x0000700000a35000,0x0000700000b35000] [id=13315]
  0x00007fc9e5800800 WatcherThread [stack: 0x00007000016dc000,0x00007000017dc000] [id=23043]

VM state:not at safepoint (normal execution)

VM Mutex/Monitor currently owned by a thread: None

Heap:
 PSYoungGen      total 76288K, used 5242K [0x000000076ab00000, 0x0000000770000000, 0x00000007c0000000)
  eden space 65536K, 8% used [0x000000076ab00000,0x000000076b01ebc0,0x000000076eb00000)
  from space 10752K, 0% used [0x000000076f580000,0x000000076f580000,0x0000000770000000)
  to   space 10752K, 0% used [0x000000076eb00000,0x000000076eb00000,0x000000076f580000)
 ParOldGen       total 175104K, used 0K [0x00000006c0000000, 0x00000006cab00000, 0x000000076ab00000)
  object space 175104K, 0% used [0x00000006c0000000,0x00000006c0000000,0x00000006cab00000)
 Metaspace       used 2874K, capacity 4664K, committed 4864K, reserved 1056768K
  class space    used 311K, capacity 424K, committed 512K, reserved 1048576K

Card table byte_map: [0x00000001181a8000,0x00000001189a9000] byte_map_base: 0x0000000114ba8000

Marking Bits: (ParMarkBitMap*) 0x00000001086edd20
 Begin Bits: [0x0000000118eff000, 0x000000011ceff000)
 End Bits:   [0x000000011ceff000, 0x0000000120eff000)

Polling page: 0x0000000106de1000

CodeCache: size=245760Kb used=1249Kb max_used=1249Kb free=244510Kb
 bounds [0x0000000108de8000, 0x0000000109058000, 0x0000000117de8000]
 total_blobs=319 nmethods=96 adapters=145
 compilation: enabled

Compilation events (10 events):
Event: 0.141 Thread 0x00007fc9e580f000   94       3       java.lang.StringCoding::access$000 (6 bytes)
Event: 0.141 Thread 0x00007fc9e580f000 nmethod 94 0x0000000108f1ebd0 code [0x0000000108f1ed40, 0x0000000108f1eef0]
Event: 0.141 Thread 0x00007fc9e580f000   95       3       java.lang.StringCoding::scale (7 bytes)
Event: 0.141 Thread 0x00007fc9e580f000 nmethod 95 0x0000000108f1e890 code [0x0000000108f1ea00, 0x0000000108f1eb70]
Event: 0.142 Thread 0x00007fc9e580f000   96       3       java.lang.ThreadLocal$ThreadLocalMap::access$000 (6 bytes)
Event: 0.142 Thread 0x00007fc9e580f000 nmethod 96 0x0000000108f1b650 code [0x0000000108f1b7c0, 0x0000000108f1b948]
Event: 0.142 Thread 0x00007fc9e580f000   92       3       java.lang.StringCoding::deref (19 bytes)
Event: 0.142 Thread 0x00007fc9e580f000 nmethod 92 0x0000000108f1af10 code [0x0000000108f1b0a0, 0x0000000108f1b4e8]
Event: 0.142 Thread 0x00007fc9e580f000   93       3       java.lang.ThreadLocal::get (38 bytes)
Event: 0.142 Thread 0x00007fc9e580f000 nmethod 93 0x0000000108f20950 code [0x0000000108f20ae0, 0x0000000108f20e58]

GC Heap History (0 events):
No events

Deoptimization events (1 events):
Event: 0.113 Thread 0x00007fc9e4803800 Uncommon trap: reason=unstable_if action=reinterpret pc=0x0000000108f07d4c method=java.lang.String.hashCode()I @ 14

Internal exceptions (10 events):
Event: 0.103 Thread 0x00007fc9e4803800 Exception <a 'java/security/PrivilegedActionException'> (0x000000076abbbf80) thrown at [/HUDSON3/workspace/8-2-build-macosx-x86_64/jdk8u101/7261/hotspot/src/share/vm/prims/jvm.cpp, line 1386]
Event: 0.104 Thread 0x00007fc9e4803800 Exception <a 'java/util/zip/ZipException'> (0x000000076abbcd00) thrown at [/HUDSON3/workspace/8-2-build-macosx-x86_64/jdk8u101/7261/hotspot/src/share/vm/prims/jni.cpp, line 709]
Event: 0.104 Thread 0x00007fc9e4803800 Exception <a 'java/security/PrivilegedActionException'> (0x000000076abbcf08) thrown at [/HUDSON3/workspace/8-2-build-macosx-x86_64/jdk8u101/7261/hotspot/src/share/vm/prims/jvm.cpp, line 1386]
Event: 0.104 Thread 0x00007fc9e4803800 Exception <a 'java/security/PrivilegedActionException'> (0x000000076abbd118) thrown at [/HUDSON3/workspace/8-2-build-macosx-x86_64/jdk8u101/7261/hotspot/src/share/vm/prims/jvm.cpp, line 1386]
Event: 0.104 Thread 0x00007fc9e4803800 Exception <a 'java/util/zip/ZipException'> (0x000000076abbde98) thrown at [/HUDSON3/workspace/8-2-build-macosx-x86_64/jdk8u101/7261/hotspot/src/share/vm/prims/jni.cpp, line 709]
Event: 0.104 Thread 0x00007fc9e4803800 Exception <a 'java/security/PrivilegedActionException'> (0x000000076abbe0a0) thrown at [/HUDSON3/workspace/8-2-build-macosx-x86_64/jdk8u101/7261/hotspot/src/share/vm/prims/jvm.cpp, line 1386]
Event: 0.104 Thread 0x00007fc9e4803800 Exception <a 'java/security/PrivilegedActionException'> (0x000000076abbe2b0) thrown at [/HUDSON3/workspace/8-2-build-macosx-x86_64/jdk8u101/7261/hotspot/src/share/vm/prims/jvm.cpp, line 1386]
Event: 0.107 Thread 0x00007fc9e4803800 Exception <a 'java/util/zip/ZipException'> (0x000000076abcfa58) thrown at [/HUDSON3/workspace/8-2-build-macosx-x86_64/jdk8u101/7261/hotspot/src/share/vm/prims/jni.cpp, line 709]
Event: 0.107 Thread 0x00007fc9e4803800 Exception <a 'java/security/PrivilegedActionException'> (0x000000076abcfc60) thrown at [/HUDSON3/workspace/8-2-build-macosx-x86_64/jdk8u101/7261/hotspot/src/share/vm/prims/jvm.cpp, line 1386]
Event: 0.107 Thread 0x00007fc9e4803800 Exception <a 'java/security/PrivilegedActionException'> (0x000000076abcfe70) thrown at [/HUDSON3/workspace/8-2-build-macosx-x86_64/jdk8u101/7261/hotspot/src/share/vm/prims/jvm.cpp, line 1386]

Events (10 events):
Event: 2783.058 Executing VM operation: ChangeBreakpoints
Event: 2783.059 Executing VM operation: ChangeBreakpoints done
Event: 2783.695 Executing VM operation: ChangeBreakpoints
Event: 2783.695 Executing VM operation: ChangeBreakpoints done
Event: 2792.362 Executing VM operation: ChangeBreakpoints
Event: 2792.362 Executing VM operation: ChangeBreakpoints done
Event: 2793.110 Executing VM operation: ChangeBreakpoints
Event: 2793.110 Executing VM operation: ChangeBreakpoints done
Event: 3504.204 Executing VM operation: RedefineClasses
Event: 3504.204 Executing VM operation: RedefineClasses done


Dynamic libraries:
0x00000000048ae000 	/System/Library/Frameworks/Cocoa.framework/Versions/A/Cocoa
0x00000001062ae000 	/System/Library/Frameworks/Security.framework/Versions/A/Security
0x00000000048ae000 	/System/Library/Frameworks/ApplicationServices.framework/Versions/A/ApplicationServices
0x00000000048ae000 	/usr/lib/libz.1.dylib
0x00000000048ae000 	/usr/lib/libSystem.B.dylib
0x00000000048ae000 	/usr/lib/libobjc.A.dylib
0x00000000048ae000 	/System/Library/Frameworks/CoreFoundation.framework/Versions/A/CoreFoundation
0x00000000048ae000 	/System/Library/Frameworks/Foundation.framework/Versions/C/Foundation
0x00000000048ae000 	/System/Library/Frameworks/AppKit.framework/Versions/C/AppKit
0x00000000048ae000 	/System/Library/Frameworks/CoreData.framework/Versions/A/CoreData
0x00000000048ae000 	/System/Library/PrivateFrameworks/RemoteViewServices.framework/Versions/A/RemoteViewServices
0x00000000048ae000 	/System/Library/PrivateFrameworks/UIFoundation.framework/Versions/A/UIFoundation
0x00000000048ae000 	/usr/lib/libScreenReader.dylib
0x00000000048ae000 	/System/Library/Frameworks/Accelerate.framework/Versions/A/Accelerate
0x00000000048ae000 	/System/Library/Frameworks/IOSurface.framework/Versions/A/IOSurface
0x00000000048ae000 	/System/Library/Frameworks/AudioToolbox.framework/Versions/A/AudioToolbox
0x00000000048ae000 	/System/Library/Frameworks/AudioUnit.framework/Versions/A/AudioUnit
0x00000000048ae000 	/System/Library/PrivateFrameworks/DataDetectorsCore.framework/Versions/A/DataDetectorsCore
0x00000000048ae000 	/System/Library/PrivateFrameworks/DesktopServicesPriv.framework/Versions/A/DesktopServicesPriv
0x00000000048ae000 	/System/Library/Frameworks/Carbon.framework/Versions/A/Frameworks/HIToolbox.framework/Versions/A/HIToolbox
0x00000000048ae000 	/System/Library/Frameworks/QuartzCore.framework/Versions/A/QuartzCore
0x00000000048ae000 	/System/Library/Frameworks/Carbon.framework/Versions/A/Frameworks/SpeechRecognition.framework/Versions/A/SpeechRecognition
0x00000000048ae000 	/usr/lib/libauto.dylib
0x00000000048ae000 	/usr/lib/libicucore.A.dylib
0x00000000048ae000 	/usr/lib/libxml2.2.dylib
0x00000000048ae000 	/System/Library/PrivateFrameworks/CoreUI.framework/Versions/A/CoreUI
0x00000000048ae000 	/System/Library/Frameworks/CoreAudio.framework/Versions/A/CoreAudio
0x00000000048ae000 	/System/Library/Frameworks/DiskArbitration.framework/Versions/A/DiskArbitration
0x00000000048ae000 	/usr/lib/liblangid.dylib
0x00000000048ae000 	/System/Library/PrivateFrameworks/MultitouchSupport.framework/Versions/A/MultitouchSupport
0x00000000048ae000 	/System/Library/Frameworks/IOKit.framework/Versions/A/IOKit
0x00000000048ae000 	/usr/lib/libDiagnosticMessagesClient.dylib
0x00000000048ae000 	/System/Library/Frameworks/CoreServices.framework/Versions/A/CoreServices
0x00000000048ae000 	/System/Library/PrivateFrameworks/PerformanceAnalysis.framework/Versions/A/PerformanceAnalysis
0x00000000048ae000 	/System/Library/PrivateFrameworks/GenerationalStorage.framework/Versions/A/GenerationalStorage
0x00000000048ae000 	/System/Library/Frameworks/OpenGL.framework/Versions/A/OpenGL
0x00000000048ae000 	/System/Library/PrivateFrameworks/Sharing.framework/Versions/A/Sharing
0x00000000048ae000 	/System/Library/Frameworks/CoreGraphics.framework/Versions/A/CoreGraphics
0x00000000048ae000 	/System/Library/Frameworks/CoreImage.framework/Versions/A/CoreImage
0x00000000048ae000 	/System/Library/Frameworks/CoreText.framework/Versions/A/CoreText
0x00000000048ae000 	/System/Library/Frameworks/ImageIO.framework/Versions/A/ImageIO
0x00000000048ae000 	/System/Library/PrivateFrameworks/Backup.framework/Versions/A/Backup
0x00000000048ae000 	/usr/lib/libextension.dylib
0x00000000048ae000 	/usr/lib/libarchive.2.dylib
0x00000001066c8000 	/System/Library/Frameworks/CFNetwork.framework/Versions/A/CFNetwork
0x00000000048ae000 	/System/Library/Frameworks/SystemConfiguration.framework/Versions/A/SystemConfiguration
0x00000000048ae000 	/usr/lib/libCRFSuite.dylib
0x00000000048ae000 	/usr/lib/libc++.1.dylib
0x00000000048ae000 	/usr/lib/libc++abi.dylib
0x00000000048ae000 	/usr/lib/system/libcache.dylib
0x00000000048ae000 	/usr/lib/system/libcommonCrypto.dylib
0x00000000048ae000 	/usr/lib/system/libcompiler_rt.dylib
0x00000000048ae000 	/usr/lib/system/libcopyfile.dylib
0x00000000048ae000 	/usr/lib/system/libcorecrypto.dylib
0x00000000048ae000 	/usr/lib/system/libdispatch.dylib
0x00000000048ae000 	/usr/lib/system/libdyld.dylib
0x00000000048ae000 	/usr/lib/system/libkeymgr.dylib
0x00000000048ae000 	/usr/lib/system/liblaunch.dylib
0x00000000048ae000 	/usr/lib/system/libmacho.dylib
0x00000000048ae000 	/usr/lib/system/libquarantine.dylib
0x00000000048ae000 	/usr/lib/system/libremovefile.dylib
0x00000000048ae000 	/usr/lib/system/libsystem_asl.dylib
0x00000000048ae000 	/usr/lib/system/libsystem_blocks.dylib
0x00000000048ae000 	/usr/lib/system/libsystem_c.dylib
0x00000000048ae000 	/usr/lib/system/libsystem_configuration.dylib
0x00000000048ae000 	/usr/lib/system/libsystem_coreservices.dylib
0x00000000048ae000 	/usr/lib/system/libsystem_coretls.dylib
0x00000000048ae000 	/usr/lib/system/libsystem_dnssd.dylib
0x00000000048ae000 	/usr/lib/system/libsystem_info.dylib
0x00000000048ae000 	/usr/lib/system/libsystem_kernel.dylib
0x00000000048ae000 	/usr/lib/system/libsystem_m.dylib
0x00000000048ae000 	/usr/lib/system/libsystem_malloc.dylib
0x00000000048ae000 	/usr/lib/system/libsystem_network.dylib
0x00000000048ae000 	/usr/lib/system/libsystem_networkextension.dylib
0x00000000048ae000 	/usr/lib/system/libsystem_notify.dylib
0x00000000048ae000 	/usr/lib/system/libsystem_platform.dylib
0x00000000048ae000 	/usr/lib/system/libsystem_pthread.dylib
0x00000000048ae000 	/usr/lib/system/libsystem_sandbox.dylib
0x00000000048ae000 	/usr/lib/system/libsystem_secinit.dylib
0x00000000048ae000 	/usr/lib/system/libsystem_trace.dylib
0x00000000048ae000 	/usr/lib/system/libunc.dylib
0x00000000048ae000 	/usr/lib/system/libunwind.dylib
0x00000000048ae000 	/usr/lib/system/libxpc.dylib
0x00000000048ae000 	/usr/lib/libenergytrace.dylib
0x00000000048ae000 	/usr/lib/libbsm.0.dylib
0x00000000048ae000 	/usr/lib/system/libkxld.dylib
0x00000000048ae000 	/usr/lib/libxar.1.dylib
0x00000000048ae000 	/usr/lib/libsqlite3.dylib
0x00000000048ae000 	/usr/lib/libpam.2.dylib
0x00000000048ae000 	/usr/lib/libOpenScriptingUtil.dylib
0x00000000048ae000 	/usr/lib/libbz2.1.0.dylib
0x00000000048ae000 	/usr/lib/liblzma.5.dylib
0x00000000048ae000 	/System/Library/Frameworks/CoreServices.framework/Versions/A/Frameworks/FSEvents.framework/Versions/A/FSEvents
0x00000000048ae000 	/System/Library/Frameworks/CoreServices.framework/Versions/A/Frameworks/CarbonCore.framework/Versions/A/CarbonCore
0x00000000048ae000 	/System/Library/Frameworks/CoreServices.framework/Versions/A/Frameworks/Metadata.framework/Versions/A/Metadata
0x00000000048ae000 	/System/Library/Frameworks/CoreServices.framework/Versions/A/Frameworks/OSServices.framework/Versions/A/OSServices
0x00000000048ae000 	/System/Library/Frameworks/CoreServices.framework/Versions/A/Frameworks/SearchKit.framework/Versions/A/SearchKit
0x00000000048ae000 	/System/Library/Frameworks/CoreServices.framework/Versions/A/Frameworks/AE.framework/Versions/A/AE
0x00000000048ae000 	/System/Library/Frameworks/CoreServices.framework/Versions/A/Frameworks/LaunchServices.framework/Versions/A/LaunchServices
0x00000000048ae000 	/System/Library/Frameworks/CoreServices.framework/Versions/A/Frameworks/DictionaryServices.framework/Versions/A/DictionaryServices
0x00000000048ae000 	/System/Library/Frameworks/CoreServices.framework/Versions/A/Frameworks/SharedFileList.framework/Versions/A/SharedFileList
0x00000000048ae000 	/System/Library/Frameworks/NetFS.framework/Versions/A/NetFS
0x00000000048ae000 	/System/Library/PrivateFrameworks/NetAuth.framework/Versions/A/NetAuth
0x00000000048ae000 	/System/Library/PrivateFrameworks/login.framework/Versions/A/Frameworks/loginsupport.framework/Versions/A/loginsupport
0x00000000048ae000 	/System/Library/PrivateFrameworks/TCC.framework/Versions/A/TCC
0x00000000048ae000 	/usr/lib/libmecabra.dylib
0x00000000048ae000 	/System/Library/Frameworks/ApplicationServices.framework/Versions/A/Frameworks/ATS.framework/Versions/A/ATS
0x00000000048ae000 	/System/Library/Frameworks/ApplicationServices.framework/Versions/A/Frameworks/ColorSync.framework/Versions/A/ColorSync
0x00000000048ae000 	/System/Library/Frameworks/ApplicationServices.framework/Versions/A/Frameworks/HIServices.framework/Versions/A/HIServices
0x00000000048ae000 	/System/Library/Frameworks/ApplicationServices.framework/Versions/A/Frameworks/LangAnalysis.framework/Versions/A/LangAnalysis
0x00000000048ae000 	/System/Library/Frameworks/ApplicationServices.framework/Versions/A/Frameworks/PrintCore.framework/Versions/A/PrintCore
0x00000000048ae000 	/System/Library/Frameworks/ApplicationServices.framework/Versions/A/Frameworks/QD.framework/Versions/A/QD
0x00000000048ae000 	/System/Library/Frameworks/ApplicationServices.framework/Versions/A/Frameworks/SpeechSynthesis.framework/Versions/A/SpeechSynthesis
0x00000000048ae000 	/System/Library/Frameworks/Metal.framework/Versions/A/Metal
0x00000000048ae000 	/System/Library/Frameworks/Accelerate.framework/Versions/A/Frameworks/vImage.framework/Versions/A/vImage
0x00000000048ae000 	/System/Library/Frameworks/Accelerate.framework/Versions/A/Frameworks/vecLib.framework/Versions/A/vecLib
0x00000000048ae000 	/System/Library/Frameworks/Accelerate.framework/Versions/A/Frameworks/vecLib.framework/Versions/A/libvDSP.dylib
0x00000000048ae000 	/System/Library/Frameworks/Accelerate.framework/Versions/A/Frameworks/vecLib.framework/Versions/A/libvMisc.dylib
0x00000000048ae000 	/System/Library/Frameworks/Accelerate.framework/Versions/A/Frameworks/vecLib.framework/Versions/A/libLAPACK.dylib
0x00000000048ae000 	/System/Library/Frameworks/Accelerate.framework/Versions/A/Frameworks/vecLib.framework/Versions/A/libBLAS.dylib
0x00000000048ae000 	/System/Library/Frameworks/Accelerate.framework/Versions/A/Frameworks/vecLib.framework/Versions/A/libLinearAlgebra.dylib
0x00000000048ae000 	/System/Library/Frameworks/Accelerate.framework/Versions/A/Frameworks/vecLib.framework/Versions/A/libSparseBLAS.dylib
0x00000000048ae000 	/System/Library/PrivateFrameworks/GPUCompiler.framework/libmetal_timestamp.dylib
0x00000000048ae000 	/System/Library/Frameworks/OpenGL.framework/Versions/A/Libraries/libCoreFSCache.dylib
0x00000000048ae000 	/System/Library/PrivateFrameworks/IOAccelerator.framework/Versions/A/IOAccelerator
0x00000000048ae000 	/System/Library/Frameworks/ApplicationServices.framework/Versions/A/Frameworks/ATS.framework/Versions/A/Resources/libFontParser.dylib
0x00000000048ae000 	/System/Library/Frameworks/ApplicationServices.framework/Versions/A/Frameworks/ATS.framework/Versions/A/Resources/libFontRegistry.dylib
0x00000000048ae000 	/System/Library/PrivateFrameworks/AppleVPA.framework/Versions/A/AppleVPA
0x00000000048ae000 	/System/Library/PrivateFrameworks/AppleJPEG.framework/Versions/A/AppleJPEG
0x00000000048ae000 	/System/Library/Frameworks/ImageIO.framework/Versions/A/Resources/libJPEG.dylib
0x00000000048ae000 	/System/Library/Frameworks/ImageIO.framework/Versions/A/Resources/libTIFF.dylib
0x00000000048ae000 	/System/Library/Frameworks/ImageIO.framework/Versions/A/Resources/libPng.dylib
0x00000000048ae000 	/System/Library/Frameworks/ImageIO.framework/Versions/A/Resources/libGIF.dylib
0x00000000048ae000 	/System/Library/Frameworks/ImageIO.framework/Versions/A/Resources/libJP2.dylib
0x00000000048ae000 	/System/Library/Frameworks/ImageIO.framework/Versions/A/Resources/libRadiance.dylib
0x00000000048ae000 	/System/Library/Frameworks/CoreVideo.framework/Versions/A/CoreVideo
0x00000000048ae000 	/System/Library/Frameworks/OpenGL.framework/Versions/A/Libraries/libGLU.dylib
0x00000000048ae000 	/System/Library/Frameworks/OpenGL.framework/Versions/A/Libraries/libGFXShared.dylib
0x00000000048ae000 	/System/Library/Frameworks/OpenGL.framework/Versions/A/Libraries/libGL.dylib
0x00000000048ae000 	/System/Library/Frameworks/OpenGL.framework/Versions/A/Libraries/libGLImage.dylib
0x00000000048ae000 	/System/Library/Frameworks/OpenGL.framework/Versions/A/Libraries/libCVMSPluginSupport.dylib
0x00000000048ae000 	/System/Library/Frameworks/OpenGL.framework/Versions/A/Libraries/libCoreVMClient.dylib
0x00000000048ae000 	/usr/lib/libcompression.dylib
0x00000000048ae000 	/usr/lib/libcups.2.dylib
0x00000000048ae000 	/System/Library/Frameworks/Kerberos.framework/Versions/A/Kerberos
0x00000000048ae000 	/System/Library/Frameworks/GSS.framework/Versions/A/GSS
0x00000000048ae000 	/usr/lib/libresolv.9.dylib
0x00000000048ae000 	/usr/lib/libiconv.2.dylib
0x00000000048ae000 	/System/Library/PrivateFrameworks/Heimdal.framework/Versions/A/Heimdal
0x00000000048ae000 	/usr/lib/libheimdal-asn1.dylib
0x00000000048ae000 	/System/Library/Frameworks/OpenDirectory.framework/Versions/A/OpenDirectory
0x00000000048ae000 	/System/Library/PrivateFrameworks/CommonAuth.framework/Versions/A/CommonAuth
0x00000000048ae000 	/System/Library/Frameworks/OpenDirectory.framework/Versions/A/Frameworks/CFOpenDirectory.framework/Versions/A/CFOpenDirectory
0x00000000048ae000 	/System/Library/Frameworks/SecurityFoundation.framework/Versions/A/SecurityFoundation
0x00000000048ae000 	/System/Library/PrivateFrameworks/LanguageModeling.framework/Versions/A/LanguageModeling
0x00000000048ae000 	/usr/lib/libmarisa.dylib
0x00000000048ae000 	/usr/lib/libChineseTokenizer.dylib
0x00000000048ae000 	/usr/lib/libcmph.dylib
0x00000000048ae000 	/System/Library/Frameworks/ServiceManagement.framework/Versions/A/ServiceManagement
0x00000000048ae000 	/usr/lib/libxslt.1.dylib
0x00000000048ae000 	/System/Library/Frameworks/Carbon.framework/Versions/A/Frameworks/Ink.framework/Versions/A/Ink
0x00000000048ae000 	/usr/lib/libFosl_dynamic.dylib
0x00000000048ae000 	/System/Library/PrivateFrameworks/FaceCore.framework/Versions/A/FaceCore
0x00000000048ae000 	/System/Library/Frameworks/OpenCL.framework/Versions/A/OpenCL
0x00000000048ae000 	/System/Library/PrivateFrameworks/CrashReporterSupport.framework/Versions/A/CrashReporterSupport
0x00000000048ae000 	/System/Library/PrivateFrameworks/IconServices.framework/Versions/A/IconServices
0x00000000048ae000 	/System/Library/PrivateFrameworks/Apple80211.framework/Versions/A/Apple80211
0x00000000048ae000 	/System/Library/Frameworks/CoreWLAN.framework/Versions/A/CoreWLAN
0x00000000048ae000 	/System/Library/Frameworks/IOBluetooth.framework/Versions/A/IOBluetooth
0x00000000048ae000 	/System/Library/PrivateFrameworks/CoreWiFi.framework/Versions/A/CoreWiFi
0x00000000048ae000 	/System/Library/Frameworks/CoreBluetooth.framework/Versions/A/CoreBluetooth
0x00000000048ae000 	/System/Library/PrivateFrameworks/ChunkingLibrary.framework/Versions/A/ChunkingLibrary
0x00000000048ae000 	/System/Library/PrivateFrameworks/DebugSymbols.framework/Versions/A/DebugSymbols
0x00000000048ae000 	/System/Library/PrivateFrameworks/CoreSymbolication.framework/Versions/A/CoreSymbolication
0x00000000048ae000 	/System/Library/PrivateFrameworks/Symbolication.framework/Versions/A/Symbolication
0x00000000048ae000 	/System/Library/PrivateFrameworks/SpeechRecognitionCore.framework/Versions/A/SpeechRecognitionCore
0x0000000107e00000 	/Library/Java/JavaVirtualMachines/jdk1.8.0_101.jdk/Contents/Home/jre/lib/server/libjvm.dylib
0x00000000048ae000 	/usr/lib/libstdc++.6.dylib
0x0000000106d9e000 	/Library/Java/JavaVirtualMachines/jdk1.8.0_101.jdk/Contents/Home/jre/lib/libverify.dylib
0x0000000106dac000 	/Library/Java/JavaVirtualMachines/jdk1.8.0_101.jdk/Contents/Home/jre/lib/libjava.dylib
0x0000000108d9d000 	/Library/Java/JavaVirtualMachines/jdk1.8.0_101.jdk/Contents/Home/jre/lib/libjdwp.dylib
0x0000000106de2000 	/Library/Java/JavaVirtualMachines/jdk1.8.0_101.jdk/Contents/Home/jre/lib/libnpt.dylib
0x0000000106def000 	/Library/Java/JavaVirtualMachines/jdk1.8.0_101.jdk/Contents/Home/jre/lib/libzip.dylib
0x0000000123e9e000 	/System/Library/Frameworks/JavaVM.framework/Frameworks/JavaRuntimeSupport.framework/JavaRuntimeSupport
0x0000000123eb9000 	/System/Library/Frameworks/JavaVM.framework/Versions/A/Frameworks/JavaNativeFoundation.framework/Versions/A/JavaNativeFoundation
0x0000000123ece000 	/System/Library/Frameworks/JavaVM.framework/Versions/A/JavaVM
0x00000000048ae000 	/System/Library/Frameworks/Carbon.framework/Versions/A/Carbon
0x0000000123edb000 	/System/Library/PrivateFrameworks/JavaLaunching.framework/Versions/A/JavaLaunching
0x00000000048ae000 	/System/Library/Frameworks/Carbon.framework/Versions/A/Frameworks/CommonPanels.framework/Versions/A/CommonPanels
0x00000000048ae000 	/System/Library/Frameworks/Carbon.framework/Versions/A/Frameworks/Help.framework/Versions/A/Help
0x00000000048ae000 	/System/Library/Frameworks/Carbon.framework/Versions/A/Frameworks/ImageCapture.framework/Versions/A/ImageCapture
0x00000000048ae000 	/System/Library/Frameworks/Carbon.framework/Versions/A/Frameworks/OpenScripting.framework/Versions/A/OpenScripting
0x00000000048ae000 	/System/Library/Frameworks/Carbon.framework/Versions/A/Frameworks/Print.framework/Versions/A/Print
0x00000000048ae000 	/System/Library/Frameworks/Carbon.framework/Versions/A/Frameworks/SecurityHI.framework/Versions/A/SecurityHI
0x00000001257fa000 	/Library/Java/JavaVirtualMachines/jdk1.8.0_101.jdk/Contents/Home/jre/lib/libdt_socket.dylib

VM Arguments:
jvm_args: -agentlib:jdwp=transport=dt_socket,address=127.0.0.1:62292,suspend=y,server=n -Dfile.encoding=UTF-8 
java_command: Main
java_class_path (initial): /Library/Java/JavaVirtualMachines/jdk1.8.0_101.jdk/Contents/Home/jre/lib/charsets.jar:/Library/Java/JavaVirtualMachines/jdk1.8.0_101.jdk/Contents/Home/jre/lib/deploy.jar:/Library/Java/JavaVirtualMachines/jdk1.8.0_101.jdk/Contents/Home/jre/lib/ext/cldrdata.jar:/Library/Java/JavaVirtualMachines/jdk1.8.0_101.jdk/Contents/Home/jre/lib/ext/dnsns.jar:/Library/Java/JavaVirtualMachines/jdk1.8.0_101.jdk/Contents/Home/jre/lib/ext/jaccess.jar:/Library/Java/JavaVirtualMachines/jdk1.8.0_101.jdk/Contents/Home/jre/lib/ext/jfxrt.jar:/Library/Java/JavaVirtualMachines/jdk1.8.0_101.jdk/Contents/Home/jre/lib/ext/localedata.jar:/Library/Java/JavaVirtualMachines/jdk1.8.0_101.jdk/Contents/Home/jre/lib/ext/nashorn.jar:/Library/Java/JavaVirtualMachines/jdk1.8.0_101.jdk/Contents/Home/jre/lib/ext/sunec.jar:/Library/Java/JavaVirtualMachines/jdk1.8.0_101.jdk/Contents/Home/jre/lib/ext/sunjce_provider.jar:/Library/Java/JavaVirtualMachines/jdk1.8.0_101.jdk/Contents/Home/jre/lib/ext/sunpkcs11.jar:/Library/Java/JavaVirtualMachines/jdk1.8.0_101.jdk/Contents/Home/jre/lib/ext/zipfs.jar:/Library/Java/JavaVirtualMachines/jdk1.8.0_101.jdk/Contents/Home/jre/lib/javaws.jar:/Library/Java/JavaVirtualMachines/jdk1.8.0_101.jdk/Contents/Home/jre/lib/jce.jar:/Library/Java/JavaVirtualMachines/jdk1.8.0_101.jdk/Contents/Home/jre/lib/jfr.jar:/Library/Java/JavaVirtualMachines/jdk1.8.0_101.jdk/Contents/Home/jre/lib/jfxswt.jar:/Library/Java/JavaVirtualMachines/jdk1.8.0_101.jdk/Contents/Home/jre/lib/jsse.jar:/Library/Java/JavaVirtualMachines/jdk1.8.0_101.jdk/Contents/Home/jre/lib/management-agent.jar:/Library/Java/JavaVirtualMachines/jdk1.8.0_101.jdk/Contents/Home/jre/lib/plugin.jar:/Library/Java/JavaVirtualMachines/jdk1.8.0_101.jdk/Contents/Home/jre/lib/resources.jar:/Library/Java/JavaVirtualMachines/jdk1.8.0_101.jdk/Contents/Home/jre/lib/rt.jar:/Library/Java/JavaVirtualMachines/jdk1.8.0_101.jdk/Contents/Home/lib/ant-javafx.jar:/Library/Java/JavaVirtualMachines/jdk1.8.0_101.jdk/Contents/Home
Launcher Type: SUN_STANDARD

Environment Variables:
PATH=/usr/local/bin:/usr/bin:/bin:/usr/sbin:/sbin
SHELL=/bin/zsh

Signal Handlers:
SIGSEGV: [libjvm.dylib+0x5af145], sa_mask[0]=11111111011111110111111111111111, sa_flags=SA_ONSTACK|SA_RESTART|SA_SIGINFO
SIGBUS: [libjvm.dylib+0x5af145], sa_mask[0]=11111111011111110111111111111111, sa_flags=SA_RESTART|SA_SIGINFO
SIGFPE: [libjvm.dylib+0x48694c], sa_mask[0]=11111111011111110111111111111111, sa_flags=SA_RESTART|SA_SIGINFO
SIGPIPE: [libjvm.dylib+0x48694c], sa_mask[0]=11111111011111110111111111111111, sa_flags=SA_RESTART|SA_SIGINFO
SIGXFSZ: [libjvm.dylib+0x48694c], sa_mask[0]=11111111011111110111111111111111, sa_flags=SA_RESTART|SA_SIGINFO
SIGILL: [libjvm.dylib+0x48694c], sa_mask[0]=11111111011111110111111111111111, sa_flags=SA_RESTART|SA_SIGINFO
SIGUSR1: SIG_DFL, sa_mask[0]=00000000000000000000000000000000, sa_flags=none
SIGUSR2: [libjvm.dylib+0x48646a], sa_mask[0]=00100000000000000000000000000000, sa_flags=SA_RESTART|SA_SIGINFO
SIGHUP: [libjvm.dylib+0x484a41], sa_mask[0]=11111111011111110111111111111111, sa_flags=SA_RESTART|SA_SIGINFO
SIGINT: [libjvm.dylib+0x484a41], sa_mask[0]=11111111011111110111111111111111, sa_flags=SA_RESTART|SA_SIGINFO
SIGTERM: [libjvm.dylib+0x484a41], sa_mask[0]=11111111011111110111111111111111, sa_flags=SA_RESTART|SA_SIGINFO
SIGQUIT: [libjvm.dylib+0x484a41], sa_mask[0]=11111111011111110111111111111111, sa_flags=SA_RESTART|SA_SIGINFO


---------------  S Y S T E M  ---------------

OS:Bsduname:Darwin 15.6.0 Darwin Kernel Version 15.6.0: Mon Aug 29 20:21:34 PDT 2016; root:xnu-3248.60.11~1/RELEASE_X86_64 x86_64
rlimit: STACK 8192k, CORE 0k, NPROC 709, NOFILE 10240, AS infinity
load average:3.09 3.08 3.08

CPU:total 8 (4 cores per cpu, 2 threads per core) family 6 model 70 stepping 1, cmov, cx8, fxsr, mmx, sse, sse2, sse3, ssse3, sse4.1, sse4.2, popcnt, avx, avx2, aes, clmul, erms, lzcnt, ht, tsc, tscinvbit, bmi1, bmi2

Memory: 4k page, physical 16777216k(779416k free)

/proc/meminfo:


vm_info: Java HotSpot(TM) 64-Bit Server VM (25.101-b13) for bsd-amd64 JRE (1.8.0_101-b13), built on Jun 22 2016 02:42:15 by "java_re" with gcc 4.2.1 (Based on Apple Inc. build 5658) (LLVM build 2336.11.00)

time: Sat Sep 17 21:30:23 2016
elapsed time: 3504 seconds (0d 0h 58m 24s)

